d:\assignments\ideaengine\wipengine\wipengine\debug\vc140.pdb
d:\assignments\ideaengine\wipengine\wipengine\debug\vc140.idb
d:\assignments\ideaengine\wipengine\wipengine\debug\wipeenginebase.obj
d:\assignments\ideaengine\wipengine\wipengine\debug\wipeengine.obj
d:\assignments\ideaengine\wipengine\wipengine\debug\wipegraphics.obj
d:\assignments\ideaengine\wipengine\wipengine\debug\main.obj
d:\assignments\ideaengine\wipengine\wipengine\debug\wipeenginemanager.obj
d:\assignments\ideaengine\wipengine\wipengine\debug\wipewindow.obj
d:\assignments\ideaengine\wipengine\wipengine\debug\wipeenginebaseentity.obj
d:\assignments\ideaengine\wipengine\wipengine\debug\wipegraphicengine.obj
d:\assignments\ideaengine\wipengine\wipengine\debug\wipeenginecomponent.obj
d:\assignments\ideaengine\wipengine\wipengine\debug\wipetimer.obj
d:\assignments\ideaengine\wipengine\wipengine\debug\wipeengineobject.obj
d:\assignments\ideaengine\wipengine\debug\wipengine.ilk
d:\assignments\ideaengine\wipengine\debug\wipengine.exe
d:\assignments\ideaengine\wipengine\debug\wipengine.pdb
d:\assignments\ideaengine\wipengine\wipengine\debug\wipengine.tlog\cl.command.1.tlog
d:\assignments\ideaengine\wipengine\wipengine\debug\wipengine.tlog\cl.read.1.tlog
d:\assignments\ideaengine\wipengine\wipengine\debug\wipengine.tlog\cl.write.1.tlog
d:\assignments\ideaengine\wipengine\wipengine\debug\wipengine.tlog\link.command.1.tlog
d:\assignments\ideaengine\wipengine\wipengine\debug\wipengine.tlog\link.read.1.tlog
d:\assignments\ideaengine\wipengine\wipengine\debug\wipengine.tlog\link.write.1.tlog
